
> storybook-henk@1.0.0 build-storybook
> storybook build --output-dir /var/folders/mq/qy8c5hbd0rv9hgkx0zf94str0000gq/T/chromatic--33549-UHInl6P3G2Zy

@storybook/cli v8.1.0-alpha.7

info => Cleaning outputDir: ../../../../var/folders/mq/qy8c5hbd0rv9hgkx0zf94str0000gq/T/chromatic--33549-UHInl6P3G2Zy
info => Loading presets
info => Building manager..
info => Manager built (310 ms)
info => Building preview..
vite v5.2.11 building for production...
transforming...
✓ 80 modules transformed.
rendering chunks...
../../../../var/folders/mq/qy8c5hbd0rv9hgkx0zf94str0000gq/T/chromatic--33549-UHInl6P3G2Zy/iframe.html                               13.10 kB
../../../../var/folders/mq/qy8c5hbd0rv9hgkx0zf94str0000gq/T/chromatic--33549-UHInl6P3G2Zy/assets/ButtonV2-CFKKkl40.css               0.33 kB
../../../../var/folders/mq/qy8c5hbd0rv9hgkx0zf94str0000gq/T/chromatic--33549-UHInl6P3G2Zy/assets/Header-BjLH3naM.css                 0.51 kB
../../../../var/folders/mq/qy8c5hbd0rv9hgkx0zf94str0000gq/T/chromatic--33549-UHInl6P3G2Zy/assets/usp-bar-TiHvz25n.css                0.84 kB
../../../../var/folders/mq/qy8c5hbd0rv9hgkx0zf94str0000gq/T/chromatic--33549-UHInl6P3G2Zy/assets/Page-B9ntr4df.css                   0.93 kB
../../../../var/folders/mq/qy8c5hbd0rv9hgkx0zf94str0000gq/T/chromatic--33549-UHInl6P3G2Zy/assets/button-LVckErGb.css                 6.08 kB
../../../../var/folders/mq/qy8c5hbd0rv9hgkx0zf94str0000gq/T/chromatic--33549-UHInl6P3G2Zy/assets/preview-Ji60nnJb.css              250.75 kB
../../../../var/folders/mq/qy8c5hbd0rv9hgkx0zf94str0000gq/T/chromatic--33549-UHInl6P3G2Zy/assets/preview-B4GcaC1c.js                 0.07 kB
../../../../var/folders/mq/qy8c5hbd0rv9hgkx0zf94str0000gq/T/chromatic--33549-UHInl6P3G2Zy/assets/preview-BKCN0mOr.js                 0.16 kB
../../../../var/folders/mq/qy8c5hbd0rv9hgkx0zf94str0000gq/T/chromatic--33549-UHInl6P3G2Zy/assets/preview-DFGCoqNO.js                 0.22 kB
../../../../var/folders/mq/qy8c5hbd0rv9hgkx0zf94str0000gq/T/chromatic--33549-UHInl6P3G2Zy/assets/ButtonV2-CvQZ8mwS.js                0.24 kB
../../../../var/folders/mq/qy8c5hbd0rv9hgkx0zf94str0000gq/T/chromatic--33549-UHInl6P3G2Zy/assets/preview-C7tAAfkq.js                 0.64 kB
../../../../var/folders/mq/qy8c5hbd0rv9hgkx0zf94str0000gq/T/chromatic--33549-UHInl6P3G2Zy/assets/usp-bar-EX4Fs14F.js                 0.65 kB
../../../../var/folders/mq/qy8c5hbd0rv9hgkx0zf94str0000gq/T/chromatic--33549-UHInl6P3G2Zy/assets/preview-4Up_z4Em.js                 0.69 kB
../../../../var/folders/mq/qy8c5hbd0rv9hgkx0zf94str0000gq/T/chromatic--33549-UHInl6P3G2Zy/assets/Header.stories-DRlX9IEJ.js          0.73 kB
../../../../var/folders/mq/qy8c5hbd0rv9hgkx0zf94str0000gq/T/chromatic--33549-UHInl6P3G2Zy/assets/index-DrFu-skq.js                   0.77 kB
../../../../var/folders/mq/qy8c5hbd0rv9hgkx0zf94str0000gq/T/chromatic--33549-UHInl6P3G2Zy/assets/preview-uEPmdTHd.js                 0.85 kB
../../../../var/folders/mq/qy8c5hbd0rv9hgkx0zf94str0000gq/T/chromatic--33549-UHInl6P3G2Zy/assets/Configurator.stories-C8DXX4TB.js    0.89 kB
../../../../var/folders/mq/qy8c5hbd0rv9hgkx0zf94str0000gq/T/chromatic--33549-UHInl6P3G2Zy/assets/Home.stories-BgNAvRid.js            1.10 kB
../../../../var/folders/mq/qy8c5hbd0rv9hgkx0zf94str0000gq/T/chromatic--33549-UHInl6P3G2Zy/assets/ButtonV2.stories-B-bDT5Bf.js        1.13 kB
../../../../var/folders/mq/qy8c5hbd0rv9hgkx0zf94str0000gq/T/chromatic--33549-UHInl6P3G2Zy/assets/Header-Bsv908Z_.js                  1.16 kB
../../../../var/folders/mq/qy8c5hbd0rv9hgkx0zf94str0000gq/T/chromatic--33549-UHInl6P3G2Zy/assets/entry-preview-D5Ui7gv5.js           1.23 kB
../../../../var/folders/mq/qy8c5hbd0rv9hgkx0zf94str0000gq/T/chromatic--33549-UHInl6P3G2Zy/assets/preview-CMGAcNhO.js                 2.47 kB
../../../../var/folders/mq/qy8c5hbd0rv9hgkx0zf94str0000gq/T/chromatic--33549-UHInl6P3G2Zy/assets/usp-bar.stories-DTZMAmy6.js         3.01 kB
../../../../var/folders/mq/qy8c5hbd0rv9hgkx0zf94str0000gq/T/chromatic--33549-UHInl6P3G2Zy/assets/preview-CUZD2FGR.js                 3.10 kB
../../../../var/folders/mq/qy8c5hbd0rv9hgkx0zf94str0000gq/T/chromatic--33549-UHInl6P3G2Zy/assets/preview-B63p-W8V.js                 3.10 kB
../../../../var/folders/mq/qy8c5hbd0rv9hgkx0zf94str0000gq/T/chromatic--33549-UHInl6P3G2Zy/assets/button.stories-DUJN_3gi.js          3.38 kB
../../../../var/folders/mq/qy8c5hbd0rv9hgkx0zf94str0000gq/T/chromatic--33549-UHInl6P3G2Zy/assets/Page.stories-BexK9g1H.js            3.62 kB
../../../../var/folders/mq/qy8c5hbd0rv9hgkx0zf94str0000gq/T/chromatic--33549-UHInl6P3G2Zy/assets/Icon.stories-C2P16huE.js            5.34 kB
../../../../var/folders/mq/qy8c5hbd0rv9hgkx0zf94str0000gq/T/chromatic--33549-UHInl6P3G2Zy/assets/iframe-BYGYElCI.js                  5.42 kB
../../../../var/folders/mq/qy8c5hbd0rv9hgkx0zf94str0000gq/T/chromatic--33549-UHInl6P3G2Zy/assets/HeroVideo.stories-Srv4bNN2.js       5.71 kB
../../../../var/folders/mq/qy8c5hbd0rv9hgkx0zf94str0000gq/T/chromatic--33549-UHInl6P3G2Zy/assets/preview-BAz7FMXc.js                 7.62 kB
../../../../var/folders/mq/qy8c5hbd0rv9hgkx0zf94str0000gq/T/chromatic--33549-UHInl6P3G2Zy/assets/preview-sVLxC_Lr.js                 8.07 kB
../../../../var/folders/mq/qy8c5hbd0rv9hgkx0zf94str0000gq/T/chromatic--33549-UHInl6P3G2Zy/assets/BaseModalV2.stories-DT3uPgGX.js     9.62 kB
../../../../var/folders/mq/qy8c5hbd0rv9hgkx0zf94str0000gq/T/chromatic--33549-UHInl6P3G2Zy/assets/index-CVRyq5ci.js                  59.86 kB
../../../../var/folders/mq/qy8c5hbd0rv9hgkx0zf94str0000gq/T/chromatic--33549-UHInl6P3G2Zy/assets/index-B-6fpdcS.js                 522.39 kB
../../../../var/folders/mq/qy8c5hbd0rv9hgkx0zf94str0000gq/T/chromatic--33549-UHInl6P3G2Zy/assets/axe-kX02GrZ4.js                   575.45 kB
✓ built in 5.00s
info => Preview built (5.35 s)
info => Output directory: /var/folders/mq/qy8c5hbd0rv9hgkx0zf94str0000gq/T/chromatic--33549-UHInl6P3G2Zy
