[11:53:46.303] [INFO] storybook v10.2.16
[11:53:46.540] [DEBUG] Getting package.json info for /Users/nilshendriks/Sites/storybook-henk/package.json...
[11:53:46.609] [INFO] Starting...
[11:53:46.834] [DEBUG] Starting preview..
[11:53:46.849] [ERROR] Failed to build the preview
[11:53:46.849] [ERROR] [38;2;241;97;97mError: Build failed with 2 errors:
node_modules/vite/node_modules/esbuild/lib/main.js:1225:27: ERROR: [plugin: externalize-deps] "@storybook/addon-vitest/vitest-plugin" resolved to an ESM file. ESM file cannot be loaded by `require`. See https://vite.dev/guide/troubleshooting.html#this-package-is-esm-only for more details.
node_modules/vite/node_modules/esbuild/lib/main.js:1225:27: ERROR: [plugin: externalize-deps] "@vitest/browser-playwright" resolved to an ESM file. ESM file cannot be loaded by `require`. See https://vite.dev/guide/troubleshooting.html#this-package-is-esm-only for more details.[39m
    at failureErrorWithLog (./node_modules/vite/node_modules/esbuild/lib/main.js:1472:15)
    at ./node_modules/vite/node_modules/esbuild/lib/main.js:945:25
    at runOnEndCallbacks (./node_modules/vite/node_modules/esbuild/lib/main.js:1315:45)
    at buildResponseToResult (./node_modules/vite/node_modules/esbuild/lib/main.js:943:7)
    at ./node_modules/vite/node_modules/esbuild/lib/main.js:970:16
    at responseCallbacks.<computed> (./node_modules/vite/node_modules/esbuild/lib/main.js:622:9)
    at handleIncomingPacket (./node_modules/vite/node_modules/esbuild/lib/main.js:677:12)
    at Socket.readFromStdout (./node_modules/vite/node_modules/esbuild/lib/main.js:600:7)
    at Socket.emit (node:events:508:20)
    at addChunk (node:internal/streams/readable:564:12)
[11:53:46.851] [WARN] Broken build, fix the error above.
You may need to refresh the browser.
[11:54:30.514] [PROMPT] Would you like to send anonymous crash reports to improve Storybook and fix bugs faster? {"choice":true}